[25-11-2025 20:12:43] 404 categories/read?id=234 not found, please check routes. in /var/www/html/src/Core/Router.php: line 59
#0 /var/www/html/src/Core/App.php(36): App\Core\Router->dispatch('categories/read...')
#1 /var/www/html/public/index.php(15): App\Core\App->run()
#2 {main}

[25-11-2025 20:17:26] 404 categories/read&id=345 not found, please check routes. in /var/www/html/src/Core/Router.php: line 59
#0 /var/www/html/src/Core/App.php(36): App\Core\Router->dispatch('categories/read...')
#1 /var/www/html/public/index.php(15): App\Core\App->run()
#2 {main}

[27-11-2025 20:50:10] 404 favicon.ico not found, please check routes. in /var/www/html/src/Core/Router.php: line 59
#0 /var/www/html/src/Core/App.php(36): App\Core\Router->dispatch('favicon.ico')
#1 /var/www/html/public/index.php(15): App\Core\App->run()
#2 {main}

[27-11-2025 20:51:36] 404 favicon.ico not found, please check routes. in /var/www/html/src/Core/Router.php: line 59
#0 /var/www/html/src/Core/App.php(36): App\Core\Router->dispatch('favicon.ico')
#1 /var/www/html/public/index.php(15): App\Core\App->run()
#2 {main}

[27-11-2025 20:51:56] 404 favicon.ico not found, please check routes. in /var/www/html/src/Core/Router.php: line 59
#0 /var/www/html/src/Core/App.php(36): App\Core\Router->dispatch('favicon.ico')
#1 /var/www/html/public/index.php(15): App\Core\App->run()
#2 {main}

[27-11-2025 20:52:24] 0 syntax error, unexpected fully qualified name "\n", expecting "," or ";" in /var/www/html/src/Views/layouts/main.php: line 8
#0 /var/www/html/src/Controllers/Home.php(23): App\Core\View->render(Array)
#1 [internal function]: App\Controllers\Home->index(Array)
#2 /var/www/html/src/Core/Router.php(50): call_user_func(Array, Array)
#3 /var/www/html/src/Core/App.php(36): App\Core\Router->dispatch('')
#4 /var/www/html/public/index.php(15): App\Core\App->run()
#5 {main}

[27-11-2025 20:52:39] 404 favicon.ico not found, please check routes. in /var/www/html/src/Core/Router.php: line 59
#0 /var/www/html/src/Core/App.php(36): App\Core\Router->dispatch('favicon.ico')
#1 /var/www/html/public/index.php(15): App\Core\App->run()
#2 {main}

[27-11-2025 20:52:55] 404 favicon.ico not found, please check routes. in /var/www/html/src/Core/Router.php: line 59
#0 /var/www/html/src/Core/App.php(36): App\Core\Router->dispatch('favicon.ico')
#1 /var/www/html/public/index.php(15): App\Core\App->run()
#2 {main}

